<?xml version="1.0" encoding="UTF-8"?>
<testsuite name="ab2.Tests" tests="1" skipped="0" failures="0" errors="0" timestamp="2021-02-10T14:38:22" hostname="MBP-Fabian" time="0.04">
  <properties/>
  <testcase name="NFA_Operations_Union()" classname="ab2.Tests" time="0.04"/>
  <system-out><![CDATA[Erreichte Punkte: 1
]]></system-out>
  <system-err><![CDATA[]]></system-err>
</testsuite>
